{"C:\\Users\\khatu\\OneDrive\\Desktop\\SUT\\DemoJest\\caculator\\sum.js": {"path":"C:\\Users\\khatu\\OneDrive\\Desktop\\SUT\\DemoJest\\caculator\\sum.js","statementMap":{"0":{"start":{"line":1,"column":17},"end":{"line":1,"column":54}},"1":{"start":{"line":2,"column":0},"end":{"line":6,"column":1}},"2":{"start":{"line":3,"column":4},"end":{"line":3,"column":48}},"3":{"start":{"line":3,"column":31},"end":{"line":3,"column":48}},"4":{"start":{"line":4,"column":4},"end":{"line":5,"column":21}},"5":{"start":{"line":4,"column":37},"end":{"line":4,"column":69}},"6":{"start":{"line":5,"column":9},"end":{"line":5,"column":21}}},"fnMap":{"0":{"name":"sum","decl":{"start":{"line":2,"column":26},"end":{"line":2,"column":29}},"loc":{"start":{"line":2,"column":36},"end":{"line":6,"column":1}},"line":2}},"branchMap":{"0":{"loc":{"start":{"line":3,"column":4},"end":{"line":3,"column":48}},"type":"if","locations":[{"start":{"line":3,"column":4},"end":{"line":3,"column":48}},{"start":{},"end":{}}],"line":3},"1":{"loc":{"start":{"line":3,"column":7},"end":{"line":3,"column":29}},"type":"binary-expr","locations":[{"start":{"line":3,"column":7},"end":{"line":3,"column":16}},{"start":{"line":3,"column":20},"end":{"line":3,"column":29}}],"line":3},"2":{"loc":{"start":{"line":4,"column":4},"end":{"line":5,"column":21}},"type":"if","locations":[{"start":{"line":4,"column":4},"end":{"line":5,"column":21}},{"start":{"line":5,"column":9},"end":{"line":5,"column":21}}],"line":4},"3":{"loc":{"start":{"line":4,"column":7},"end":{"line":4,"column":35}},"type":"binary-expr","locations":[{"start":{"line":4,"column":7},"end":{"line":4,"column":19}},{"start":{"line":4,"column":23},"end":{"line":4,"column":35}}],"line":4}},"s":{"0":1,"1":1,"2":2,"3":1,"4":1,"5":0,"6":1},"f":{"0":2},"b":{"0":[1,1],"1":[2,2],"2":[0,1],"3":[1,1]},"_coverageSchema":"1a1c01bbd47fc00a2c39e90264f33305004495a9","hash":"9d68b64b33983cbf328c7e18acdf3c1d3378fdff"}
}
